<?xml version="1.0" encoding="UTF-8"?>
<testng-results ignored="0" total="1" passed="1" failed="0" skipped="0">
  <reporter-output>
  </reporter-output>
  <suite started-at="2023-06-17T23:07:09 IST" name="Suite" finished-at="2023-06-17T23:08:07 IST" duration-ms="58412">
    <groups>
    </groups>
    <test started-at="2023-06-17T23:07:09 IST" name="Test" finished-at="2023-06-17T23:08:07 IST" duration-ms="58412">
      <class name="MavenP.PrMaven.MAHLandingTest">
        <test-method is-config="true" signature="setBrowser()[pri:0, instance:MavenP.PrMaven.MAHLandingTest@2177849e]" started-at="2023-06-17T23:07:09 IST" name="setBrowser" finished-at="2023-06-17T23:07:36 IST" duration-ms="27107" status="PASS">
          <reporter-output>
          </reporter-output>
        </test-method> <!-- setBrowser -->
        <test-method signature="MAHOrder()[pri:0, instance:MavenP.PrMaven.MAHLandingTest@2177849e]" started-at="2023-06-17T23:07:36 IST" name="MAHOrder" finished-at="2023-06-17T23:08:07 IST" duration-ms="31127" status="PASS">
          <reporter-output>
          </reporter-output>
        </test-method> <!-- MAHOrder -->
        <test-method is-config="true" signature="Quit()[pri:0, instance:MavenP.PrMaven.MAHLandingTest@2177849e]" started-at="2023-06-17T23:08:07 IST" name="Quit" finished-at="2023-06-17T23:08:07 IST" duration-ms="0" status="PASS">
          <reporter-output>
          </reporter-output>
        </test-method> <!-- Quit -->
      </class> <!-- MavenP.PrMaven.MAHLandingTest -->
    </test> <!-- Test -->
  </suite> <!-- Suite -->
</testng-results>
